This file contains any messages produced by compilers while
running configure, to aid debugging if configure makes a mistake.

It was created by tclx configure 8.4, which was
generated by GNU Autoconf 2.59.  Invocation command line was

  $ ./configure --cache-file=/dev/null --disable-option-checking --prefix=/opt/local/libexec/macports --srcdir=.

## --------- ##
## Platform. ##
## --------- ##

hostname = vlan-2656-10-16-230-39.student.wireless.sydney.edu.au
uname -m = x86_64
uname -r = 17.7.0
uname -s = Darwin
uname -v = Darwin Kernel Version 17.7.0: Thu Jun 21 22:53:14 PDT 2018; root:xnu-4570.71.2~1/RELEASE_X86_64

/usr/bin/uname -p = i386
/bin/uname -X     = unknown

/bin/arch              = unknown
/usr/bin/arch -k       = unknown
/usr/convex/getsysinfo = unknown
hostinfo               = Mach kernel version:
	 Darwin Kernel Version 17.7.0: Thu Jun 21 22:53:14 PDT 2018; root:xnu-4570.71.2~1/RELEASE_X86_64
Kernel configured for up to 4 processors.
2 processors are physically available.
4 processors are logically available.
Processor type: x86_64h (Intel x86-64h Haswell)
Processors active: 0 1 2 3
Primary memory available: 8.00 gigabytes
Default processor set: 431 tasks, 2428 threads, 4 processors
Load average: 12.28, Mach factor: 0.33
/bin/machine           = unknown
/usr/bin/oslevel       = unknown
/bin/universe          = unknown

PATH: /Users/xiaodangan/.virtualenvs/nmf/bin
PATH: /Users/xiaodangan/.tools
PATH: /usr/local/bin
PATH: /Users/xiaodangan/.tools
PATH: /usr/local/bin
PATH: /Users/xiaodangan/.tools
PATH: /usr/local/bin
PATH: /Users/xiaodangan/.tools
PATH: /usr/local/bin
PATH: /Users/xiaodangan/.tools
PATH: /usr/local/bin
PATH: /Users/xiaodangan/.tools
PATH: /usr/local/bin
PATH: /Users/xiaodangan/.tools
PATH: /usr/local/bin
PATH: /Users/xiaodangan/.tools
PATH: /usr/local/bin
PATH: /Library/Frameworks/Python.framework/Versions/3.6/bin
PATH: /anaconda3/bin
PATH: /usr/local/bin
PATH: /usr/bin
PATH: /bin
PATH: /usr/sbin
PATH: /sbin
PATH: /Library/TeX/texbin


## ----------- ##
## Core tests. ##
## ----------- ##

configure:1325: checking for correct TEA configuration
configure:1344: result: ok (TEA 3.5)
configure:1475: checking for Tcl configuration
configure:1591: result: found /Users/xiaodangan/code/nmf/MacPorts-2.5.2/vendor/tcl/unix/tclConfig.sh
configure:1597: checking for existence of /Users/xiaodangan/code/nmf/MacPorts-2.5.2/vendor/tcl/unix/tclConfig.sh
configure:1601: result: loading
configure:1692: --exec-prefix defaulting to TCL_EXEC_PREFIX /opt/local/libexec/macports
configure:1766: checking for gcc
configure:1782: found /usr/bin/gcc
configure:1792: result: gcc
configure:2036: checking for C compiler version
configure:2039: gcc --version </dev/null >&5
Configured with: --prefix=/Library/Developer/CommandLineTools/usr --with-gxx-include-dir=/usr/include/c++/4.2.1
Apple LLVM version 9.1.0 (clang-902.0.39.2)
Target: x86_64-apple-darwin17.7.0
Thread model: posix
InstalledDir: /Library/Developer/CommandLineTools/usr/bin
configure:2042: $? = 0
configure:2044: gcc -v </dev/null >&5
Configured with: --prefix=/Library/Developer/CommandLineTools/usr --with-gxx-include-dir=/usr/include/c++/4.2.1
Apple LLVM version 9.1.0 (clang-902.0.39.2)
Target: x86_64-apple-darwin17.7.0
Thread model: posix
InstalledDir: /Library/Developer/CommandLineTools/usr/bin
configure:2047: $? = 0
configure:2049: gcc -V </dev/null >&5
clang: error: argument to '-V' is missing (expected 1 value)
clang: error: no input files
configure:2052: $? = 1
configure:2075: checking for C compiler default output file name
configure:2078: gcc    conftest.c  >&5
configure:2081: $? = 0
configure:2127: result: a.out
configure:2132: checking whether the C compiler works
configure:2138: ./a.out
configure:2141: $? = 0
configure:2158: result: yes
configure:2165: checking whether we are cross compiling
configure:2167: result: no
configure:2170: checking for suffix of executables
configure:2172: gcc -o conftest    conftest.c  >&5
configure:2175: $? = 0
configure:2200: result: 
configure:2206: checking for suffix of object files
configure:2227: gcc -c   conftest.c >&5
configure:2230: $? = 0
configure:2252: result: o
configure:2256: checking whether we are using the GNU C compiler
configure:2280: gcc -c   conftest.c >&5
configure:2286: $? = 0
configure:2290: test -z 
			 || test ! -s conftest.err
configure:2293: $? = 0
configure:2296: test -s conftest.o
configure:2299: $? = 0
configure:2312: result: yes
configure:2318: checking whether gcc accepts -g
configure:2339: gcc -c -g  conftest.c >&5
configure:2345: $? = 0
configure:2349: test -z 
			 || test ! -s conftest.err
configure:2352: $? = 0
configure:2355: test -s conftest.o
configure:2358: $? = 0
configure:2369: result: yes
configure:2386: checking for gcc option to accept ANSI C
configure:2456: gcc  -c   conftest.c >&5
configure:2462: $? = 0
configure:2466: test -z 
			 || test ! -s conftest.err
configure:2469: $? = 0
configure:2472: test -s conftest.o
configure:2475: $? = 0
configure:2493: result: none needed
configure:2511: gcc -c   conftest.c >&5
conftest.c:2:3: error: unknown type name 'choke'
  choke me
  ^
conftest.c:2:11: error: expected ';' after top level declarator
  choke me
          ^
          ;
2 errors generated.
configure:2517: $? = 1
configure: failed program was:
| #ifndef __cplusplus
|   choke me
| #endif
configure:2655: checking how to run the C preprocessor
configure:2690: gcc -E  conftest.c
configure:2696: $? = 0
configure:2728: gcc -E  conftest.c
conftest.c:10:10: fatal error: 'ac_nonexistent.h' file not found
#include <ac_nonexistent.h>
         ^~~~~~~~~~~~~~~~~~
1 error generated.
configure:2734: $? = 1
configure: failed program was:
| /* confdefs.h.  */
| 
| #define PACKAGE_NAME "tclx"
| #define PACKAGE_TARNAME "tclx"
| #define PACKAGE_VERSION "8.4"
| #define PACKAGE_STRING "tclx 8.4"
| #define PACKAGE_BUGREPORT ""
| #define FULL_VERSION "8.4.1"
| /* end confdefs.h.  */
| #include <ac_nonexistent.h>
configure:2773: result: gcc -E
configure:2797: gcc -E  conftest.c
configure:2803: $? = 0
configure:2835: gcc -E  conftest.c
conftest.c:10:10: fatal error: 'ac_nonexistent.h' file not found
#include <ac_nonexistent.h>
         ^~~~~~~~~~~~~~~~~~
1 error generated.
configure:2841: $? = 1
configure: failed program was:
| /* confdefs.h.  */
| 
| #define PACKAGE_NAME "tclx"
| #define PACKAGE_TARNAME "tclx"
| #define PACKAGE_VERSION "8.4"
| #define PACKAGE_STRING "tclx 8.4"
| #define PACKAGE_BUGREPORT ""
| #define FULL_VERSION "8.4.1"
| /* end confdefs.h.  */
| #include <ac_nonexistent.h>
configure:2898: checking for a BSD-compatible install
configure:2953: result: /usr/bin/install -c
configure:2969: checking whether make sets $(MAKE)
configure:2989: result: yes
configure:3044: checking for ranlib
configure:3060: found /usr/bin/ranlib
configure:3071: result: ranlib
configure:3093: checking for egrep
configure:3103: result: grep -E
configure:3108: checking for ANSI C header files
configure:3133: gcc -c   conftest.c >&5
configure:3139: $? = 0
configure:3143: test -z 
			 || test ! -s conftest.err
configure:3146: $? = 0
configure:3149: test -s conftest.o
configure:3152: $? = 0
configure:3241: gcc -o conftest    conftest.c  >&5
conftest.c:27:7: warning: implicitly declaring library function 'exit' with type 'void (int) __attribute__((noreturn))' [-Wimplicit-function-declaration]
      exit(2);
      ^
conftest.c:27:7: note: include the header <stdlib.h> or explicitly provide a declaration for 'exit'
1 warning generated.
configure:3244: $? = 0
configure:3246: ./conftest
configure:3249: $? = 0
configure:3264: result: yes
configure:3288: checking for sys/types.h
configure:3304: gcc -c   conftest.c >&5
configure:3310: $? = 0
configure:3314: test -z 
			 || test ! -s conftest.err
configure:3317: $? = 0
configure:3320: test -s conftest.o
configure:3323: $? = 0
configure:3334: result: yes
configure:3288: checking for sys/stat.h
configure:3304: gcc -c   conftest.c >&5
configure:3310: $? = 0
configure:3314: test -z 
			 || test ! -s conftest.err
configure:3317: $? = 0
configure:3320: test -s conftest.o
configure:3323: $? = 0
configure:3334: result: yes
configure:3288: checking for stdlib.h
configure:3304: gcc -c   conftest.c >&5
configure:3310: $? = 0
configure:3314: test -z 
			 || test ! -s conftest.err
configure:3317: $? = 0
configure:3320: test -s conftest.o
configure:3323: $? = 0
configure:3334: result: yes
configure:3288: checking for string.h
configure:3304: gcc -c   conftest.c >&5
configure:3310: $? = 0
configure:3314: test -z 
			 || test ! -s conftest.err
configure:3317: $? = 0
configure:3320: test -s conftest.o
configure:3323: $? = 0
configure:3334: result: yes
configure:3288: checking for memory.h
configure:3304: gcc -c   conftest.c >&5
configure:3310: $? = 0
configure:3314: test -z 
			 || test ! -s conftest.err
configure:3317: $? = 0
configure:3320: test -s conftest.o
configure:3323: $? = 0
configure:3334: result: yes
configure:3288: checking for strings.h
configure:3304: gcc -c   conftest.c >&5
configure:3310: $? = 0
configure:3314: test -z 
			 || test ! -s conftest.err
configure:3317: $? = 0
configure:3320: test -s conftest.o
configure:3323: $? = 0
configure:3334: result: yes
configure:3288: checking for inttypes.h
configure:3304: gcc -c   conftest.c >&5
configure:3310: $? = 0
configure:3314: test -z 
			 || test ! -s conftest.err
configure:3317: $? = 0
configure:3320: test -s conftest.o
configure:3323: $? = 0
configure:3334: result: yes
configure:3288: checking for stdint.h
configure:3304: gcc -c   conftest.c >&5
configure:3310: $? = 0
configure:3314: test -z 
			 || test ! -s conftest.err
configure:3317: $? = 0
configure:3320: test -s conftest.o
configure:3323: $? = 0
configure:3334: result: yes
configure:3288: checking for unistd.h
configure:3304: gcc -c   conftest.c >&5
configure:3310: $? = 0
configure:3314: test -z 
			 || test ! -s conftest.err
configure:3317: $? = 0
configure:3320: test -s conftest.o
configure:3323: $? = 0
configure:3334: result: yes
configure:3356: checking if the compiler understands -pipe
configure:3376: gcc -pipe -c   conftest.c >&5
configure:3382: $? = 0
configure:3386: test -z 
			 || test ! -s conftest.err
configure:3389: $? = 0
configure:3392: test -s conftest.o
configure:3395: $? = 0
configure:3397: result: yes
configure:3414: checking whether byte ordering is bigendian
configure:3441: gcc -pipe -c   conftest.c >&5
configure:3447: $? = 0
configure:3451: test -z 
			 || test ! -s conftest.err
configure:3454: $? = 0
configure:3457: test -s conftest.o
configure:3460: $? = 0
configure:3484: gcc -pipe -c   conftest.c >&5
conftest.c:27:2: error: use of undeclared identifier 'not'
 not big endian
 ^
1 error generated.
configure:3490: $? = 1
configure: failed program was:
| /* confdefs.h.  */
| 
| #define PACKAGE_NAME "tclx"
| #define PACKAGE_TARNAME "tclx"
| #define PACKAGE_VERSION "8.4"
| #define PACKAGE_STRING "tclx 8.4"
| #define PACKAGE_BUGREPORT ""
| #define FULL_VERSION "8.4.1"
| #define STDC_HEADERS 1
| #define HAVE_SYS_TYPES_H 1
| #define HAVE_SYS_STAT_H 1
| #define HAVE_STDLIB_H 1
| #define HAVE_STRING_H 1
| #define HAVE_MEMORY_H 1
| #define HAVE_STRINGS_H 1
| #define HAVE_INTTYPES_H 1
| #define HAVE_STDINT_H 1
| #define HAVE_UNISTD_H 1
| /* end confdefs.h.  */
| #include <sys/types.h>
| #include <sys/param.h>
| 
| int
| main ()
| {
| #if BYTE_ORDER != BIG_ENDIAN
|  not big endian
| #endif
| 
|   ;
|   return 0;
| }
configure:3625: result: no
configure:3653: checking for sin
configure:3710: gcc -pipe -o conftest    conftest.c  >&5
conftest.c:44:6: warning: incompatible redeclaration of library function 'sin' [-Wincompatible-library-redeclaration]
char sin ();
     ^
conftest.c:44:6: note: 'sin' is a builtin with type 'double (double)'
1 warning generated.
configure:3716: $? = 0
configure:3720: test -z 
			 || test ! -s conftest.err
configure:3723: $? = 0
configure:3726: test -s conftest
configure:3729: $? = 0
configure:3741: result: yes
configure:3749: checking for main in -lieee
configure:3773: gcc -pipe -o conftest    conftest.c -lieee   >&5
ld: library not found for -lieee
clang: error: linker command failed with exit code 1 (use -v to see invocation)
configure:3779: $? = 1
configure: failed program was:
| /* confdefs.h.  */
| 
| #define PACKAGE_NAME "tclx"
| #define PACKAGE_TARNAME "tclx"
| #define PACKAGE_VERSION "8.4"
| #define PACKAGE_STRING "tclx 8.4"
| #define PACKAGE_BUGREPORT ""
| #define FULL_VERSION "8.4.1"
| #define STDC_HEADERS 1
| #define HAVE_SYS_TYPES_H 1
| #define HAVE_SYS_STAT_H 1
| #define HAVE_STDLIB_H 1
| #define HAVE_STRING_H 1
| #define HAVE_MEMORY_H 1
| #define HAVE_STRINGS_H 1
| #define HAVE_INTTYPES_H 1
| #define HAVE_STDINT_H 1
| #define HAVE_UNISTD_H 1
| /* end confdefs.h.  */
| 
| 
| int
| main ()
| {
| main ();
|   ;
|   return 0;
| }
configure:3805: result: no
configure:3817: checking for main in -linet
configure:3841: gcc -pipe -o conftest    conftest.c -linet   >&5
ld: library not found for -linet
clang: error: linker command failed with exit code 1 (use -v to see invocation)
configure:3847: $? = 1
configure: failed program was:
| /* confdefs.h.  */
| 
| #define PACKAGE_NAME "tclx"
| #define PACKAGE_TARNAME "tclx"
| #define PACKAGE_VERSION "8.4"
| #define PACKAGE_STRING "tclx 8.4"
| #define PACKAGE_BUGREPORT ""
| #define FULL_VERSION "8.4.1"
| #define STDC_HEADERS 1
| #define HAVE_SYS_TYPES_H 1
| #define HAVE_SYS_STAT_H 1
| #define HAVE_STDLIB_H 1
| #define HAVE_STRING_H 1
| #define HAVE_MEMORY_H 1
| #define HAVE_STRINGS_H 1
| #define HAVE_INTTYPES_H 1
| #define HAVE_STDINT_H 1
| #define HAVE_UNISTD_H 1
| /* end confdefs.h.  */
| 
| 
| int
| main ()
| {
| main ();
|   ;
|   return 0;
| }
configure:3873: result: no
configure:3889: checking net/errno.h usability
configure:3901: gcc -pipe -c   conftest.c >&5
conftest.c:54:10: fatal error: 'net/errno.h' file not found
#include <net/errno.h>
         ^~~~~~~~~~~~~
1 error generated.
configure:3907: $? = 1
configure: failed program was:
| /* confdefs.h.  */
| 
| #define PACKAGE_NAME "tclx"
| #define PACKAGE_TARNAME "tclx"
| #define PACKAGE_VERSION "8.4"
| #define PACKAGE_STRING "tclx 8.4"
| #define PACKAGE_BUGREPORT ""
| #define FULL_VERSION "8.4.1"
| #define STDC_HEADERS 1
| #define HAVE_SYS_TYPES_H 1
| #define HAVE_SYS_STAT_H 1
| #define HAVE_STDLIB_H 1
| #define HAVE_STRING_H 1
| #define HAVE_MEMORY_H 1
| #define HAVE_STRINGS_H 1
| #define HAVE_INTTYPES_H 1
| #define HAVE_STDINT_H 1
| #define HAVE_UNISTD_H 1
| /* end confdefs.h.  */
| #include <stdio.h>
| #if HAVE_SYS_TYPES_H
| # include <sys/types.h>
| #endif
| #if HAVE_SYS_STAT_H
| # include <sys/stat.h>
| #endif
| #if STDC_HEADERS
| # include <stdlib.h>
| # include <stddef.h>
| #else
| # if HAVE_STDLIB_H
| #  include <stdlib.h>
| # endif
| #endif
| #if HAVE_STRING_H
| # if !STDC_HEADERS && HAVE_MEMORY_H
| #  include <memory.h>
| # endif
| # include <string.h>
| #endif
| #if HAVE_STRINGS_H
| # include <strings.h>
| #endif
| #if HAVE_INTTYPES_H
| # include <inttypes.h>
| #else
| # if HAVE_STDINT_H
| #  include <stdint.h>
| # endif
| #endif
| #if HAVE_UNISTD_H
| # include <unistd.h>
| #endif
| #include <net/errno.h>
configure:3930: result: no
configure:3934: checking net/errno.h presence
configure:3944: gcc -E  conftest.c
conftest.c:20:10: fatal error: 'net/errno.h' file not found
#include <net/errno.h>
         ^~~~~~~~~~~~~
1 error generated.
configure:3950: $? = 1
configure: failed program was:
| /* confdefs.h.  */
| 
| #define PACKAGE_NAME "tclx"
| #define PACKAGE_TARNAME "tclx"
| #define PACKAGE_VERSION "8.4"
| #define PACKAGE_STRING "tclx 8.4"
| #define PACKAGE_BUGREPORT ""
| #define FULL_VERSION "8.4.1"
| #define STDC_HEADERS 1
| #define HAVE_SYS_TYPES_H 1
| #define HAVE_SYS_STAT_H 1
| #define HAVE_STDLIB_H 1
| #define HAVE_STRING_H 1
| #define HAVE_MEMORY_H 1
| #define HAVE_STRINGS_H 1
| #define HAVE_INTTYPES_H 1
| #define HAVE_STDINT_H 1
| #define HAVE_UNISTD_H 1
| /* end confdefs.h.  */
| #include <net/errno.h>
configure:3970: result: no
configure:4005: checking for net/errno.h
configure:4012: result: no
configure:4046: checking for connect
configure:4103: gcc -pipe -o conftest    conftest.c  >&5
configure:4109: $? = 0
configure:4113: test -z 
			 || test ! -s conftest.err
configure:4116: $? = 0
configure:4119: test -s conftest
configure:4122: $? = 0
configure:4134: result: yes
configure:4409: checking for gethostbyname
configure:4466: gcc -pipe -o conftest    conftest.c  >&5
configure:4472: $? = 0
configure:4476: test -z 
			 || test ! -s conftest.err
configure:4479: $? = 0
configure:4482: test -s conftest
configure:4485: $? = 0
configure:4497: result: yes
configure:4581: checking dirent.h
configure:4621: gcc -pipe -o conftest    conftest.c  >&5
configure:4627: $? = 0
configure:4631: test -z 
			 || test ! -s conftest.err
configure:4634: $? = 0
configure:4637: test -s conftest
configure:4640: $? = 0
configure:4652: result: yes
configure:4673: checking errno.h usability
configure:4685: gcc -pipe -c   conftest.c >&5
configure:4691: $? = 0
configure:4695: test -z 
			 || test ! -s conftest.err
configure:4698: $? = 0
configure:4701: test -s conftest.o
configure:4704: $? = 0
configure:4714: result: yes
configure:4718: checking errno.h presence
configure:4728: gcc -E  conftest.c
configure:4734: $? = 0
configure:4754: result: yes
configure:4789: checking for errno.h
configure:4796: result: yes
configure:4821: checking float.h usability
configure:4833: gcc -pipe -c   conftest.c >&5
configure:4839: $? = 0
configure:4843: test -z 
			 || test ! -s conftest.err
configure:4846: $? = 0
configure:4849: test -s conftest.o
configure:4852: $? = 0
configure:4862: result: yes
configure:4866: checking float.h presence
configure:4876: gcc -E  conftest.c
configure:4882: $? = 0
configure:4902: result: yes
configure:4937: checking for float.h
configure:4944: result: yes
configure:4969: checking values.h usability
configure:4981: gcc -pipe -c   conftest.c >&5
conftest.c:54:10: fatal error: 'values.h' file not found
#include <values.h>
         ^~~~~~~~~~
1 error generated.
configure:4987: $? = 1
configure: failed program was:
| /* confdefs.h.  */
| 
| #define PACKAGE_NAME "tclx"
| #define PACKAGE_TARNAME "tclx"
| #define PACKAGE_VERSION "8.4"
| #define PACKAGE_STRING "tclx 8.4"
| #define PACKAGE_BUGREPORT ""
| #define FULL_VERSION "8.4.1"
| #define STDC_HEADERS 1
| #define HAVE_SYS_TYPES_H 1
| #define HAVE_SYS_STAT_H 1
| #define HAVE_STDLIB_H 1
| #define HAVE_STRING_H 1
| #define HAVE_MEMORY_H 1
| #define HAVE_STRINGS_H 1
| #define HAVE_INTTYPES_H 1
| #define HAVE_STDINT_H 1
| #define HAVE_UNISTD_H 1
| /* end confdefs.h.  */
| #include <stdio.h>
| #if HAVE_SYS_TYPES_H
| # include <sys/types.h>
| #endif
| #if HAVE_SYS_STAT_H
| # include <sys/stat.h>
| #endif
| #if STDC_HEADERS
| # include <stdlib.h>
| # include <stddef.h>
| #else
| # if HAVE_STDLIB_H
| #  include <stdlib.h>
| # endif
| #endif
| #if HAVE_STRING_H
| # if !STDC_HEADERS && HAVE_MEMORY_H
| #  include <memory.h>
| # endif
| # include <string.h>
| #endif
| #if HAVE_STRINGS_H
| # include <strings.h>
| #endif
| #if HAVE_INTTYPES_H
| # include <inttypes.h>
| #else
| # if HAVE_STDINT_H
| #  include <stdint.h>
| # endif
| #endif
| #if HAVE_UNISTD_H
| # include <unistd.h>
| #endif
| #include <values.h>
configure:5010: result: no
configure:5014: checking values.h presence
configure:5024: gcc -E  conftest.c
conftest.c:20:10: fatal error: 'values.h' file not found
#include <values.h>
         ^~~~~~~~~~
1 error generated.
configure:5030: $? = 1
configure: failed program was:
| /* confdefs.h.  */
| 
| #define PACKAGE_NAME "tclx"
| #define PACKAGE_TARNAME "tclx"
| #define PACKAGE_VERSION "8.4"
| #define PACKAGE_STRING "tclx 8.4"
| #define PACKAGE_BUGREPORT ""
| #define FULL_VERSION "8.4.1"
| #define STDC_HEADERS 1
| #define HAVE_SYS_TYPES_H 1
| #define HAVE_SYS_STAT_H 1
| #define HAVE_STDLIB_H 1
| #define HAVE_STRING_H 1
| #define HAVE_MEMORY_H 1
| #define HAVE_STRINGS_H 1
| #define HAVE_INTTYPES_H 1
| #define HAVE_STDINT_H 1
| #define HAVE_UNISTD_H 1
| /* end confdefs.h.  */
| #include <values.h>
configure:5050: result: no
configure:5085: checking for values.h
configure:5092: result: no
configure:5117: checking limits.h usability
configure:5129: gcc -pipe -c   conftest.c >&5
configure:5135: $? = 0
configure:5139: test -z 
			 || test ! -s conftest.err
configure:5142: $? = 0
configure:5145: test -s conftest.o
configure:5148: $? = 0
configure:5158: result: yes
configure:5162: checking limits.h presence
configure:5172: gcc -E  conftest.c
configure:5178: $? = 0
configure:5198: result: yes
configure:5233: checking for limits.h
configure:5240: result: yes
configure:5260: checking for stdlib.h
configure:5265: result: yes
configure:5462: checking for string.h
configure:5467: result: yes
configure:5661: checking sys/wait.h usability
configure:5673: gcc -pipe -c   conftest.c >&5
configure:5679: $? = 0
configure:5683: test -z 
			 || test ! -s conftest.err
configure:5686: $? = 0
configure:5689: test -s conftest.o
configure:5692: $? = 0
configure:5702: result: yes
configure:5706: checking sys/wait.h presence
configure:5716: gcc -E  conftest.c
configure:5722: $? = 0
configure:5742: result: yes
configure:5777: checking for sys/wait.h
configure:5784: result: yes
configure:5809: checking dlfcn.h usability
configure:5821: gcc -pipe -c   conftest.c >&5
configure:5827: $? = 0
configure:5831: test -z 
			 || test ! -s conftest.err
configure:5834: $? = 0
configure:5837: test -s conftest.o
configure:5840: $? = 0
configure:5850: result: yes
configure:5854: checking dlfcn.h presence
configure:5864: gcc -E  conftest.c
configure:5870: $? = 0
configure:5890: result: yes
configure:5925: checking for dlfcn.h
configure:5932: result: yes
configure:5963: checking sys/param.h usability
configure:5975: gcc -pipe -c   conftest.c >&5
configure:5981: $? = 0
configure:5985: test -z 
			 || test ! -s conftest.err
configure:5988: $? = 0
configure:5991: test -s conftest.o
configure:5994: $? = 0
configure:6004: result: yes
configure:6008: checking sys/param.h presence
configure:6018: gcc -E  conftest.c
configure:6024: $? = 0
configure:6044: result: yes
configure:6079: checking for sys/param.h
configure:6086: result: yes
configure:6243: checking for Tcl private include files
configure:6284: result: Using srcdir found in tclConfig.sh: /Users/xiaodangan/code/nmf/MacPorts-2.5.2/vendor/tcl
configure:6471: checking for pthread_mutex_init in -lpthread
configure:6501: gcc -pipe -o conftest    conftest.c -lpthread   >&5
configure:6507: $? = 0
configure:6511: test -z 
			 || test ! -s conftest.err
configure:6514: $? = 0
configure:6517: test -s conftest
configure:6520: $? = 0
configure:6533: result: yes
configure:6854: checking for building with threads
configure:6862: result: yes (default)
configure:6903: checking how to build libraries
configure:6921: result: shared
configure:6948: checking if 64bit support is requested
configure:6957: result: no
configure:6962: checking if 64bit Sparc VIS support is requested
configure:6971: result: no
configure:6999: checking system version
configure:7029: result: Darwin-17.7.0
configure:7037: checking for dlopen in -ldl
configure:7067: gcc -pipe -o conftest    conftest.c -ldl   >&5
configure:7073: $? = 0
configure:7077: test -z 
			 || test ! -s conftest.err
configure:7080: $? = 0
configure:7083: test -s conftest
configure:7086: $? = 0
configure:7099: result: yes
configure:7140: checking for ar
configure:7156: found /usr/bin/ar
configure:7166: result: ar
configure:8223: checking if ld accepts -single_module flag
configure:8247: gcc -pipe -o conftest    -dynamiclib -Wl,-single_module conftest.c  >&5
configure:8253: $? = 0
configure:8257: test -z 
			 || test ! -s conftest.err
configure:8260: $? = 0
configure:8263: test -s conftest
configure:8266: $? = 0
configure:8279: result: yes
configure:8293: checking if ld accepts -search_paths_first flag
configure:8317: gcc -pipe -o conftest    -prebind -headerpad_max_install_names -Wl,-search_paths_first conftest.c  >&5
configure:8323: $? = 0
configure:8327: test -z 
			 || test ! -s conftest.err
configure:8330: $? = 0
configure:8333: test -s conftest
configure:8336: $? = 0
configure:8349: result: yes
configure:8787: checking for required early compiler flags
configure:8810: gcc -pipe -c   conftest.c >&5
configure:8816: $? = 0
configure:8820: test -z 
			 || test ! -s conftest.err
configure:8823: $? = 0
configure:8826: test -s conftest.o
configure:8829: $? = 0
configure:8915: gcc -pipe -c   conftest.c >&5
conftest.c:31:28: warning: 'stat64' is deprecated: first deprecated in macOS 10.6 [-Wdeprecated-declarations]
struct stat64 buf; int i = stat64("/", &buf);
                           ^
/usr/include/sys/stat.h:402:5: note: 'stat64' has been explicitly marked deprecated here
int     stat64(const char *, struct stat64 *) __OSX_AVAILABLE_BUT_DEPRECATED(__MAC_10_5,__MAC_10_6,__IPHONE_NA,__IPHONE_NA);
        ^
1 warning generated.
configure:8921: $? = 0
configure:8925: test -z 
			 || test ! -s conftest.err
configure:8928: $? = 0
configure:8931: test -s conftest.o
configure:8934: $? = 0
configure:9020: gcc -pipe -c   conftest.c >&5
conftest.c:31:19: error: use of undeclared identifier 'open64'
char *p = (char *)open64;
                  ^
1 error generated.
configure:9026: $? = 1
configure: failed program was:
| /* confdefs.h.  */
| 
| #define PACKAGE_NAME "tclx"
| #define PACKAGE_TARNAME "tclx"
| #define PACKAGE_VERSION "8.4"
| #define PACKAGE_STRING "tclx 8.4"
| #define PACKAGE_BUGREPORT ""
| #define FULL_VERSION "8.4.1"
| #define STDC_HEADERS 1
| #define HAVE_SYS_TYPES_H 1
| #define HAVE_SYS_STAT_H 1
| #define HAVE_STDLIB_H 1
| #define HAVE_STRING_H 1
| #define HAVE_MEMORY_H 1
| #define HAVE_STRINGS_H 1
| #define HAVE_INTTYPES_H 1
| #define HAVE_STDINT_H 1
| #define HAVE_UNISTD_H 1
| #define NO_VALUES_H 1
| #define HAVE_LIMITS_H 1
| #define HAVE_SYS_PARAM_H 1
| #define USE_THREAD_ALLOC 1
| #define _REENTRANT 1
| #define _THREAD_SAFE 1
| #define TCL_THREADS 1
| /* end confdefs.h.  */
| #include <sys/stat.h>
| int
| main ()
| {
| char *p = (char *)open64;
|   ;
|   return 0;
| }
configure:9063: gcc -pipe -c   conftest.c >&5
conftest.c:32:19: error: use of undeclared identifier 'open64'
char *p = (char *)open64;
                  ^
1 error generated.
configure:9069: $? = 1
configure: failed program was:
| /* confdefs.h.  */
| 
| #define PACKAGE_NAME "tclx"
| #define PACKAGE_TARNAME "tclx"
| #define PACKAGE_VERSION "8.4"
| #define PACKAGE_STRING "tclx 8.4"
| #define PACKAGE_BUGREPORT ""
| #define FULL_VERSION "8.4.1"
| #define STDC_HEADERS 1
| #define HAVE_SYS_TYPES_H 1
| #define HAVE_SYS_STAT_H 1
| #define HAVE_STDLIB_H 1
| #define HAVE_STRING_H 1
| #define HAVE_MEMORY_H 1
| #define HAVE_STRINGS_H 1
| #define HAVE_INTTYPES_H 1
| #define HAVE_STDINT_H 1
| #define HAVE_UNISTD_H 1
| #define NO_VALUES_H 1
| #define HAVE_LIMITS_H 1
| #define HAVE_SYS_PARAM_H 1
| #define USE_THREAD_ALLOC 1
| #define _REENTRANT 1
| #define _THREAD_SAFE 1
| #define TCL_THREADS 1
| /* end confdefs.h.  */
| #define _LARGEFILE_SOURCE64 1
| #include <sys/stat.h>
| int
| main ()
| {
| char *p = (char *)open64;
|   ;
|   return 0;
| }
configure:9106: result: none
configure:9114: checking for 64-bit integer type
configure:9138: gcc -pipe -c   conftest.c >&5
conftest.c:31:1: error: use of undeclared identifier '__int64'
__int64 value = (__int64) 0;
^
1 error generated.
configure:9144: $? = 1
configure: failed program was:
| /* confdefs.h.  */
| 
| #define PACKAGE_NAME "tclx"
| #define PACKAGE_TARNAME "tclx"
| #define PACKAGE_VERSION "8.4"
| #define PACKAGE_STRING "tclx 8.4"
| #define PACKAGE_BUGREPORT ""
| #define FULL_VERSION "8.4.1"
| #define STDC_HEADERS 1
| #define HAVE_SYS_TYPES_H 1
| #define HAVE_SYS_STAT_H 1
| #define HAVE_STDLIB_H 1
| #define HAVE_STRING_H 1
| #define HAVE_MEMORY_H 1
| #define HAVE_STRINGS_H 1
| #define HAVE_INTTYPES_H 1
| #define HAVE_STDINT_H 1
| #define HAVE_UNISTD_H 1
| #define NO_VALUES_H 1
| #define HAVE_LIMITS_H 1
| #define HAVE_SYS_PARAM_H 1
| #define USE_THREAD_ALLOC 1
| #define _REENTRANT 1
| #define _THREAD_SAFE 1
| #define TCL_THREADS 1
| /* end confdefs.h.  */
| 
| int
| main ()
| {
| __int64 value = (__int64) 0;
|   ;
|   return 0;
| }
configure:9188: gcc -pipe -c   conftest.c >&5
conftest.c:32:26: error: duplicate case value '1'
            case 1: case (sizeof(long long)==sizeof(long)): ;
                         ^
conftest.c:32:18: note: previous case defined here
            case 1: case (sizeof(long long)==sizeof(long)): ;
                 ^
1 error generated.
configure:9194: $? = 1
configure: failed program was:
| /* confdefs.h.  */
| 
| #define PACKAGE_NAME "tclx"
| #define PACKAGE_TARNAME "tclx"
| #define PACKAGE_VERSION "8.4"
| #define PACKAGE_STRING "tclx 8.4"
| #define PACKAGE_BUGREPORT ""
| #define FULL_VERSION "8.4.1"
| #define STDC_HEADERS 1
| #define HAVE_SYS_TYPES_H 1
| #define HAVE_SYS_STAT_H 1
| #define HAVE_STDLIB_H 1
| #define HAVE_STRING_H 1
| #define HAVE_MEMORY_H 1
| #define HAVE_STRINGS_H 1
| #define HAVE_INTTYPES_H 1
| #define HAVE_STDINT_H 1
| #define HAVE_UNISTD_H 1
| #define NO_VALUES_H 1
| #define HAVE_LIMITS_H 1
| #define HAVE_SYS_PARAM_H 1
| #define USE_THREAD_ALLOC 1
| #define _REENTRANT 1
| #define _THREAD_SAFE 1
| #define TCL_THREADS 1
| /* end confdefs.h.  */
| 
| int
| main ()
| {
| switch (0) {
|             case 1: case (sizeof(long long)==sizeof(long)): ;
|         }
|   ;
|   return 0;
| }
configure:9224: result: using long
configure:9549: checking for build with symbols
configure:9562: result: no
configure:9630: checking sys/select.h usability
configure:9642: gcc -pipe -c   conftest.c >&5
configure:9648: $? = 0
configure:9652: test -z 
			 || test ! -s conftest.err
configure:9655: $? = 0
configure:9658: test -s conftest.o
configure:9661: $? = 0
configure:9671: result: yes
configure:9675: checking sys/select.h presence
configure:9685: gcc -E  conftest.c
configure:9691: $? = 0
configure:9711: result: yes
configure:9746: checking for sys/select.h
configure:9753: result: yes
configure:9770: checking return type of signal handlers
configure:9801: gcc -pipe -c   conftest.c >&5
configure:9807: $? = 0
configure:9811: test -z 
			 || test ! -s conftest.err
configure:9814: $? = 0
configure:9817: test -s conftest.o
configure:9820: $? = 0
configure:9831: result: void
configure:9844: checking whether struct tm is in sys/time.h or time.h
configure:9867: gcc -pipe -c   conftest.c >&5
conftest.c:37:20: warning: expression result unused [-Wunused-value]
struct tm *tp; tp->tm_sec;
               ~~  ^~~~~~
1 warning generated.
configure:9873: $? = 0
configure:9877: test -z 
			 || test ! -s conftest.err
configure:9880: $? = 0
configure:9883: test -s conftest.o
configure:9886: $? = 0
configure:9897: result: time.h
configure:9922: checking sys/time.h usability
configure:9934: gcc -pipe -c   conftest.c >&5
configure:9940: $? = 0
configure:9944: test -z 
			 || test ! -s conftest.err
configure:9947: $? = 0
configure:9950: test -s conftest.o
configure:9953: $? = 0
configure:9963: result: yes
configure:9967: checking sys/time.h presence
configure:9977: gcc -E  conftest.c
configure:9983: $? = 0
configure:10003: result: yes
configure:10038: checking for sys/time.h
configure:10045: result: yes
configure:10058: checking whether time.h and sys/time.h may both be included
configure:10083: gcc -pipe -c   conftest.c >&5
configure:10089: $? = 0
configure:10093: test -z 
			 || test ! -s conftest.err
configure:10096: $? = 0
configure:10099: test -s conftest.o
configure:10102: $? = 0
configure:10113: result: yes
configure:10123: checking for struct tm.tm_zone
configure:10149: gcc -pipe -c   conftest.c >&5
configure:10155: $? = 0
configure:10159: test -z 
			 || test ! -s conftest.err
configure:10162: $? = 0
configure:10165: test -s conftest.o
configure:10168: $? = 0
configure:10228: result: yes
configure:10319: checking for gmtime_r
configure:10376: gcc -pipe -o conftest    -prebind -headerpad_max_install_names -Wl,-search_paths_first  conftest.c  >&5
configure:10382: $? = 0
configure:10386: test -z 
			 || test ! -s conftest.err
configure:10389: $? = 0
configure:10392: test -s conftest
configure:10395: $? = 0
configure:10407: result: yes
configure:10319: checking for localtime_r
configure:10376: gcc -pipe -o conftest    -prebind -headerpad_max_install_names -Wl,-search_paths_first  conftest.c  >&5
configure:10382: $? = 0
configure:10386: test -z 
			 || test ! -s conftest.err
configure:10389: $? = 0
configure:10392: test -s conftest
configure:10395: $? = 0
configure:10407: result: yes
configure:10418: checking tm_tzadj in struct tm
configure:10439: gcc -pipe -c   conftest.c >&5
conftest.c:41:18: error: no member named 'tm_tzadj' in 'struct tm'
struct tm tm; tm.tm_tzadj;
              ~~ ^
1 error generated.
configure:10445: $? = 1
configure: failed program was:
| /* confdefs.h.  */
| 
| #define PACKAGE_NAME "tclx"
| #define PACKAGE_TARNAME "tclx"
| #define PACKAGE_VERSION "8.4"
| #define PACKAGE_STRING "tclx 8.4"
| #define PACKAGE_BUGREPORT ""
| #define FULL_VERSION "8.4.1"
| #define STDC_HEADERS 1
| #define HAVE_SYS_TYPES_H 1
| #define HAVE_SYS_STAT_H 1
| #define HAVE_STDLIB_H 1
| #define HAVE_STRING_H 1
| #define HAVE_MEMORY_H 1
| #define HAVE_STRINGS_H 1
| #define HAVE_INTTYPES_H 1
| #define HAVE_STDINT_H 1
| #define HAVE_UNISTD_H 1
| #define NO_VALUES_H 1
| #define HAVE_LIMITS_H 1
| #define HAVE_SYS_PARAM_H 1
| #define USE_THREAD_ALLOC 1
| #define _REENTRANT 1
| #define _THREAD_SAFE 1
| #define TCL_THREADS 1
| #define TCL_WIDE_INT_IS_LONG 1
| #define USE_TCL_STUBS 1
| #define HAVE_SYS_SELECT_H 1
| #define RETSIGTYPE void
| #define HAVE_SYS_TIME_H 1
| #define TIME_WITH_SYS_TIME 1
| #define HAVE_STRUCT_TM_TM_ZONE 1
| #define HAVE_TM_ZONE 1
| #define HAVE_GMTIME_R 1
| #define HAVE_LOCALTIME_R 1
| /* end confdefs.h.  */
| #include <time.h>
| int
| main ()
| {
| struct tm tm; tm.tm_tzadj;
|   ;
|   return 0;
| }
configure:10469: result: no
configure:10479: checking tm_gmtoff in struct tm
configure:10500: gcc -pipe -c   conftest.c >&5
conftest.c:41:18: warning: expression result unused [-Wunused-value]
struct tm tm; tm.tm_gmtoff;
              ~~ ^~~~~~~~~
1 warning generated.
configure:10506: $? = 0
configure:10510: test -z 
			 || test ! -s conftest.err
configure:10513: $? = 0
configure:10516: test -s conftest.o
configure:10519: $? = 0
configure:10530: result: yes
configure:10544: checking long timezone variable
configure:10567: gcc -pipe -c   conftest.c >&5
conftest.c:44:6: warning: implicitly declaring library function 'exit' with type 'void (int) __attribute__((noreturn))' [-Wimplicit-function-declaration]
            exit (0);
            ^
conftest.c:44:6: note: include the header <stdlib.h> or explicitly provide a declaration for 'exit'
1 warning generated.
configure:10573: $? = 0
configure:10577: test -z 
			 || test ! -s conftest.err
configure:10580: $? = 0
configure:10583: test -s conftest.o
configure:10586: $? = 0
configure:10597: result: yes
configure:10682: checking union wait
configure:10707: gcc -pipe -o conftest    -prebind -headerpad_max_install_names -Wl,-search_paths_first  conftest.c  >&5
configure:10713: $? = 0
configure:10717: test -z 
			 || test ! -s conftest.err
configure:10720: $? = 0
configure:10723: test -s conftest
configure:10726: $? = 0
configure:10739: result: yes
configure:10753: checking checking to see what 'times' returns
configure:10778: gcc -pipe -o conftest    -prebind -headerpad_max_install_names -Wl,-search_paths_first  conftest.c  >&5
conftest.c:42:1: warning: type specifier missing, defaults to 'int' [-Wimplicit-int]
main() {
^
conftest.c:45:5: warning: implicit declaration of function 'sleep' is invalid in C99 [-Wimplicit-function-declaration]
    sleep(2);
    ^
conftest.c:46:5: warning: implicitly declaring library function 'exit' with type 'void (int) __attribute__((noreturn))' [-Wimplicit-function-declaration]
    exit ((times(&cpu) > 0) ? 0 : 1);
    ^
conftest.c:46:5: note: include the header <stdlib.h> or explicitly provide a declaration for 'exit'
3 warnings generated.
configure:10781: $? = 0
configure:10783: ./conftest
configure:10786: $? = 0
configure:10788: result: elapsed real time
configure:10811: checking for time_t
configure:10835: gcc -pipe -c   conftest.c >&5
configure:10841: $? = 0
configure:10845: test -z 
			 || test ! -s conftest.err
configure:10848: $? = 0
configure:10851: test -s conftest.o
configure:10854: $? = 0
configure:10865: result: yes
configure:10877: checking for off_t
configure:10901: gcc -pipe -c   conftest.c >&5
configure:10907: $? = 0
configure:10911: test -z 
			 || test ! -s conftest.err
configure:10914: $? = 0
configure:10917: test -s conftest.o
configure:10920: $? = 0
configure:10931: result: yes
configure:10950: checking for ftruncate
configure:11007: gcc -pipe -o conftest    -prebind -headerpad_max_install_names -Wl,-search_paths_first  conftest.c  >&5
configure:11013: $? = 0
configure:11017: test -z 
			 || test ! -s conftest.err
configure:11020: $? = 0
configure:11023: test -s conftest
configure:11026: $? = 0
configure:11038: result: yes
configure:11137: checking for select
configure:11194: gcc -pipe -o conftest    -prebind -headerpad_max_install_names -Wl,-search_paths_first  conftest.c  >&5
configure:11200: $? = 0
configure:11204: test -z 
			 || test ! -s conftest.err
configure:11207: $? = 0
configure:11210: test -s conftest
configure:11213: $? = 0
configure:11225: result: yes
configure:11236: checking for setitimer
configure:11293: gcc -pipe -o conftest    -prebind -headerpad_max_install_names -Wl,-search_paths_first  conftest.c  >&5
configure:11299: $? = 0
configure:11303: test -z 
			 || test ! -s conftest.err
configure:11306: $? = 0
configure:11309: test -s conftest
configure:11312: $? = 0
configure:11324: result: yes
configure:11335: checking for sigaction
configure:11392: gcc -pipe -o conftest    -prebind -headerpad_max_install_names -Wl,-search_paths_first  conftest.c  >&5
configure:11398: $? = 0
configure:11402: test -z 
			 || test ! -s conftest.err
configure:11405: $? = 0
configure:11408: test -s conftest
configure:11411: $? = 0
configure:11423: result: yes
configure:11434: checking for setpgid
configure:11491: gcc -pipe -o conftest    -prebind -headerpad_max_install_names -Wl,-search_paths_first  conftest.c  >&5
configure:11497: $? = 0
configure:11501: test -z 
			 || test ! -s conftest.err
configure:11504: $? = 0
configure:11507: test -s conftest
configure:11510: $? = 0
configure:11522: result: yes
configure:11533: checking for getgroups
configure:11590: gcc -pipe -o conftest    -prebind -headerpad_max_install_names -Wl,-search_paths_first  conftest.c  >&5
configure:11596: $? = 0
configure:11600: test -z 
			 || test ! -s conftest.err
configure:11603: $? = 0
configure:11606: test -s conftest
configure:11609: $? = 0
configure:11621: result: yes
configure:11632: checking for bzero
configure:11689: gcc -pipe -o conftest    -prebind -headerpad_max_install_names -Wl,-search_paths_first  conftest.c  >&5
conftest.c:63:6: warning: incompatible redeclaration of library function 'bzero' [-Wincompatible-library-redeclaration]
char bzero ();
     ^
conftest.c:63:6: note: 'bzero' is a builtin with type 'void (void *, unsigned long)'
1 warning generated.
configure:11695: $? = 0
configure:11699: test -z 
			 || test ! -s conftest.err
configure:11702: $? = 0
configure:11705: test -s conftest
configure:11708: $? = 0
configure:11720: result: yes
configure:11731: checking for bcopy
configure:11788: gcc -pipe -o conftest    -prebind -headerpad_max_install_names -Wl,-search_paths_first  conftest.c  >&5
configure:11794: $? = 0
configure:11798: test -z 
			 || test ! -s conftest.err
configure:11801: $? = 0
configure:11804: test -s conftest
configure:11807: $? = 0
configure:11819: result: yes
configure:11830: checking for fsync
configure:11887: gcc -pipe -o conftest    -prebind -headerpad_max_install_names -Wl,-search_paths_first  conftest.c  >&5
configure:11893: $? = 0
configure:11897: test -z 
			 || test ! -s conftest.err
configure:11900: $? = 0
configure:11903: test -s conftest
configure:11906: $? = 0
configure:11918: result: yes
configure:11929: checking for getpriority
configure:11986: gcc -pipe -o conftest    -prebind -headerpad_max_install_names -Wl,-search_paths_first  conftest.c  >&5
configure:11992: $? = 0
configure:11996: test -z 
			 || test ! -s conftest.err
configure:11999: $? = 0
configure:12002: test -s conftest
configure:12005: $? = 0
configure:12017: result: yes
configure:12028: checking for strcoll
configure:12085: gcc -pipe -o conftest    -prebind -headerpad_max_install_names -Wl,-search_paths_first  conftest.c  >&5
configure:12091: $? = 0
configure:12095: test -z 
			 || test ! -s conftest.err
configure:12098: $? = 0
configure:12101: test -s conftest
configure:12104: $? = 0
configure:12116: result: yes
configure:12127: checking for fchown
configure:12184: gcc -pipe -o conftest    -prebind -headerpad_max_install_names -Wl,-search_paths_first  conftest.c  >&5
configure:12190: $? = 0
configure:12194: test -z 
			 || test ! -s conftest.err
configure:12197: $? = 0
configure:12200: test -s conftest
configure:12203: $? = 0
configure:12215: result: yes
configure:12226: checking for fchmod
configure:12283: gcc -pipe -o conftest    -prebind -headerpad_max_install_names -Wl,-search_paths_first  conftest.c  >&5
configure:12289: $? = 0
configure:12293: test -z 
			 || test ! -s conftest.err
configure:12296: $? = 0
configure:12299: test -s conftest
configure:12302: $? = 0
configure:12314: result: yes
configure:12325: checking for truncate
configure:12382: gcc -pipe -o conftest    -prebind -headerpad_max_install_names -Wl,-search_paths_first  conftest.c  >&5
configure:12388: $? = 0
configure:12392: test -z 
			 || test ! -s conftest.err
configure:12395: $? = 0
configure:12398: test -s conftest
configure:12401: $? = 0
configure:12413: result: yes
configure:12424: checking for waitpid
configure:12481: gcc -pipe -o conftest    -prebind -headerpad_max_install_names -Wl,-search_paths_first  conftest.c  >&5
configure:12487: $? = 0
configure:12491: test -z 
			 || test ! -s conftest.err
configure:12494: $? = 0
configure:12497: test -s conftest
configure:12500: $? = 0
configure:12512: result: yes
configure:12523: checking for sysconf
configure:12580: gcc -pipe -o conftest    -prebind -headerpad_max_install_names -Wl,-search_paths_first  conftest.c  >&5
configure:12586: $? = 0
configure:12590: test -z 
			 || test ! -s conftest.err
configure:12593: $? = 0
configure:12596: test -s conftest
configure:12599: $? = 0
configure:12611: result: yes
configure:12627: checking for inet_aton
configure:12684: gcc -pipe -o conftest    -prebind -headerpad_max_install_names -Wl,-search_paths_first  conftest.c  >&5
configure:12690: $? = 0
configure:12694: test -z 
			 || test ! -s conftest.err
configure:12697: $? = 0
configure:12700: test -s conftest
configure:12703: $? = 0
configure:12715: result: yes
configure:12726: checking for gethostname
configure:12783: gcc -pipe -o conftest    -prebind -headerpad_max_install_names -Wl,-search_paths_first  conftest.c  >&5
configure:12789: $? = 0
configure:12793: test -z 
			 || test ! -s conftest.err
configure:12796: $? = 0
configure:12799: test -s conftest
configure:12802: $? = 0
configure:12814: result: yes
configure:12831: checking for main in -ldnet_stub
configure:12855: gcc -pipe -o conftest    -prebind -headerpad_max_install_names -Wl,-search_paths_first  conftest.c -ldnet_stub   >&5
ld: library not found for -ldnet_stub
clang: error: linker command failed with exit code 1 (use -v to see invocation)
configure:12861: $? = 1
configure: failed program was:
| /* confdefs.h.  */
| 
| #define PACKAGE_NAME "tclx"
| #define PACKAGE_TARNAME "tclx"
| #define PACKAGE_VERSION "8.4"
| #define PACKAGE_STRING "tclx 8.4"
| #define PACKAGE_BUGREPORT ""
| #define FULL_VERSION "8.4.1"
| #define STDC_HEADERS 1
| #define HAVE_SYS_TYPES_H 1
| #define HAVE_SYS_STAT_H 1
| #define HAVE_STDLIB_H 1
| #define HAVE_STRING_H 1
| #define HAVE_MEMORY_H 1
| #define HAVE_STRINGS_H 1
| #define HAVE_INTTYPES_H 1
| #define HAVE_STDINT_H 1
| #define HAVE_UNISTD_H 1
| #define NO_VALUES_H 1
| #define HAVE_LIMITS_H 1
| #define HAVE_SYS_PARAM_H 1
| #define USE_THREAD_ALLOC 1
| #define _REENTRANT 1
| #define _THREAD_SAFE 1
| #define TCL_THREADS 1
| #define TCL_WIDE_INT_IS_LONG 1
| #define USE_TCL_STUBS 1
| #define HAVE_SYS_SELECT_H 1
| #define RETSIGTYPE void
| #define HAVE_SYS_TIME_H 1
| #define TIME_WITH_SYS_TIME 1
| #define HAVE_STRUCT_TM_TM_ZONE 1
| #define HAVE_TM_ZONE 1
| #define HAVE_GMTIME_R 1
| #define HAVE_LOCALTIME_R 1
| #define HAVE_TM_GMTOFF 1
| #define HAVE_TIMEZONE_VAR 1
| /* end confdefs.h.  */
| 
| 
| int
| main ()
| {
| main ();
|   ;
|   return 0;
| }
configure:12887: result: no
configure:12909: checking for catgets
configure:12966: gcc -pipe -o conftest    -prebind -headerpad_max_install_names -Wl,-search_paths_first  conftest.c  >&5
configure:12972: $? = 0
configure:12976: test -z 
			 || test ! -s conftest.err
configure:12979: $? = 0
configure:12982: test -s conftest
configure:12985: $? = 0
configure:12997: result: yes
configure:13000: checking catclose return value
configure:13019: gcc -pipe -c   conftest.c >&5
conftest.c:44:43: warning: implicitly declaring library function 'exit' with type 'void (int) __attribute__((noreturn))' [-Wimplicit-function-declaration]
            if (catclose ((nl_catd) 0) == 0) exit (0);
                                             ^
conftest.c:44:43: note: include the header <stdlib.h> or explicitly provide a declaration for 'exit'
1 warning generated.
configure:13025: $? = 0
configure:13029: test -z 
			 || test ! -s conftest.err
configure:13032: $? = 0
configure:13035: test -s conftest.o
configure:13038: $? = 0
configure:13040: result: ok
configure:13070: checking for random
configure:13127: gcc -pipe -o conftest    -prebind -headerpad_max_install_names -Wl,-search_paths_first  conftest.c  >&5
configure:13133: $? = 0
configure:13137: test -z 
			 || test ! -s conftest.err
configure:13140: $? = 0
configure:13143: test -s conftest
configure:13146: $? = 0
configure:13158: result: yes
configure:13226: checking where to place TclX help files
configure:13239: result: do not build help files
configure:13423: checking for tclsh
configure:13450: result: /Users/xiaodangan/code/nmf/MacPorts-2.5.2/vendor/tcl/unix/tclsh
configure:13572: creating ./config.status

## ---------------------- ##
## Running config.status. ##
## ---------------------- ##

This file was extended by tclx config.status 8.4, which was
generated by GNU Autoconf 2.59.  Invocation command line was

  CONFIG_FILES    = 
  CONFIG_HEADERS  = 
  CONFIG_LINKS    = 
  CONFIG_COMMANDS = 
  $ ./config.status 

on vlan-2656-10-16-230-39.student.wireless.sydney.edu.au

config.status:705: creating Makefile

## ---------------- ##
## Cache variables. ##
## ---------------- ##

ac_cv_c_bigendian=no
ac_cv_c_compiler_gnu=yes
ac_cv_c_tclconfig=/Users/xiaodangan/code/nmf/MacPorts-2.5.2/vendor/tcl/unix
ac_cv_env_CC_set=
ac_cv_env_CC_value=
ac_cv_env_CFLAGS_set=
ac_cv_env_CFLAGS_value=
ac_cv_env_CPPFLAGS_set=
ac_cv_env_CPPFLAGS_value=
ac_cv_env_CPP_set=
ac_cv_env_CPP_value=
ac_cv_env_LDFLAGS_set=
ac_cv_env_LDFLAGS_value=
ac_cv_env_build_alias_set=
ac_cv_env_build_alias_value=
ac_cv_env_host_alias_set=
ac_cv_env_host_alias_value=
ac_cv_env_target_alias_set=
ac_cv_env_target_alias_value=
ac_cv_exeext=
ac_cv_func_bcopy=yes
ac_cv_func_bzero=yes
ac_cv_func_catgets=yes
ac_cv_func_connect=yes
ac_cv_func_fchmod=yes
ac_cv_func_fchown=yes
ac_cv_func_fsync=yes
ac_cv_func_ftruncate=yes
ac_cv_func_getgroups=yes
ac_cv_func_gethostbyname=yes
ac_cv_func_gethostname=yes
ac_cv_func_getpriority=yes
ac_cv_func_gmtime_r=yes
ac_cv_func_inet_aton=yes
ac_cv_func_localtime_r=yes
ac_cv_func_random=yes
ac_cv_func_select=yes
ac_cv_func_setitimer=yes
ac_cv_func_setpgid=yes
ac_cv_func_sigaction=yes
ac_cv_func_sin=yes
ac_cv_func_strcoll=yes
ac_cv_func_sysconf=yes
ac_cv_func_truncate=yes
ac_cv_func_waitpid=yes
ac_cv_header_dlfcn_h=yes
ac_cv_header_errno_h=yes
ac_cv_header_float_h=yes
ac_cv_header_inttypes_h=yes
ac_cv_header_limits_h=yes
ac_cv_header_memory_h=yes
ac_cv_header_net_errno_h=no
ac_cv_header_stdc=yes
ac_cv_header_stdint_h=yes
ac_cv_header_stdlib_h=yes
ac_cv_header_string_h=yes
ac_cv_header_strings_h=yes
ac_cv_header_sys_param_h=yes
ac_cv_header_sys_select_h=yes
ac_cv_header_sys_stat_h=yes
ac_cv_header_sys_time_h=yes
ac_cv_header_sys_types_h=yes
ac_cv_header_sys_wait_h=yes
ac_cv_header_time=yes
ac_cv_header_unistd_h=yes
ac_cv_header_values_h=no
ac_cv_lib_dl_dlopen=yes
ac_cv_lib_dnet_stub_main=no
ac_cv_lib_ieee_main=no
ac_cv_lib_inet_main=no
ac_cv_lib_pthread_pthread_mutex_init=yes
ac_cv_member_struct_tm_tm_zone=yes
ac_cv_objext=o
ac_cv_path_install='/usr/bin/install -c'
ac_cv_prog_AR=ar
ac_cv_prog_CPP='gcc -E'
ac_cv_prog_ac_ct_CC=gcc
ac_cv_prog_ac_ct_RANLIB=ranlib
ac_cv_prog_cc_g=yes
ac_cv_prog_cc_stdc=
ac_cv_prog_egrep='grep -E'
ac_cv_prog_make_make_set=yes
ac_cv_struct_tm=time.h
ac_cv_type_off_t=yes
ac_cv_type_signal=void
ac_cv_type_time_t=yes
tcl_cv_dirent_h=yes
tcl_cv_flag__isoc99_source=no
tcl_cv_flag__largefile64_source=no
tcl_cv_flag__largefile_source64=no
tcl_cv_ld_search_paths_first=yes
tcl_cv_ld_single_module=yes
tcl_cv_member_tm_gmtoff=yes
tcl_cv_member_tm_tzadj=no
tcl_cv_sys_version=Darwin-17.7.0
tcl_cv_timezone_long=yes
tcl_cv_type_64bit=none
tcl_cv_union_wait=yes

## ----------------- ##
## Output variables. ##
## ----------------- ##

AR='ar'
BUILDHELP=''
CC='gcc -pipe'
CELIB_DIR=''
CFLAGS=' ${CFLAGS_DEFAULT} ${CFLAGS_WARNING} ${SHLIB_CFLAGS}'
CFLAGS_DEBUG='-g'
CFLAGS_DEFAULT='-Os'
CFLAGS_OPTIMIZE='-Os'
CFLAGS_WARNING='-Wall -Wno-implicit-int'
CLEANFILES='pkgIndex.tcl'
COL=''
CPP='gcc -E'
CPPFLAGS=''
CYGPATH='echo'
DEFS='-DPACKAGE_NAME=\"tclx\" -DPACKAGE_TARNAME=\"tclx\" -DPACKAGE_VERSION=\"8.4\" -DPACKAGE_STRING=\"tclx\ 8.4\" -DPACKAGE_BUGREPORT=\"\" -DFULL_VERSION=\"8.4.1\" -DSTDC_HEADERS=1 -DHAVE_SYS_TYPES_H=1 -DHAVE_SYS_STAT_H=1 -DHAVE_STDLIB_H=1 -DHAVE_STRING_H=1 -DHAVE_MEMORY_H=1 -DHAVE_STRINGS_H=1 -DHAVE_INTTYPES_H=1 -DHAVE_STDINT_H=1 -DHAVE_UNISTD_H=1 -DNO_VALUES_H=1 -DHAVE_LIMITS_H=1 -DHAVE_SYS_PARAM_H=1 -DUSE_THREAD_ALLOC=1 -D_REENTRANT=1 -D_THREAD_SAFE=1 -DTCL_THREADS=1 -DTCL_WIDE_INT_IS_LONG=1 -DUSE_TCL_STUBS=1 -DHAVE_SYS_SELECT_H=1 -DRETSIGTYPE=void -DHAVE_SYS_TIME_H=1 -DTIME_WITH_SYS_TIME=1 -DHAVE_STRUCT_TM_TM_ZONE=1 -DHAVE_TM_ZONE=1 -DHAVE_GMTIME_R=1 -DHAVE_LOCALTIME_R=1 -DHAVE_TM_GMTOFF=1 -DHAVE_TIMEZONE_VAR=1 '
DL_LIBS=''
ECHO_C='ECHO_N=''
ECHO_T=''
EGREP='grep -E'
EXEEXT=''
HELP_DIR='/Users/xiaodangan/code/nmf/MacPorts-2.5.2/vendor/tclx/help'
INSTALL_DATA='${INSTALL} -m 644'
INSTALL_PROGRAM='${INSTALL}'
INSTALL_SCRIPT='${INSTALL}'
LDFLAGS=' -prebind -headerpad_max_install_names -Wl,-search_paths_first '
LDFLAGS_DEFAULT=' -prebind -headerpad_max_install_names -Wl,-search_paths_first '
LD_LIBRARY_PATH_VAR='DYLD_LIBRARY_PATH'
LIBOBJS=''
LIBS=''
MAKE_LIB='${SHLIB_LD} -o $@ $(PKG_OBJECTS) ${SHLIB_LD_LIBS} '
MAKE_SHARED_LIB='${SHLIB_LD} -o $@ $(PKG_OBJECTS) ${SHLIB_LD_LIBS}'
MAKE_STATIC_LIB='${STLIB_LD} $@ $(PKG_OBJECTS)'
MAKE_STUB_LIB='${STLIB_LD} $@ $(PKG_STUB_OBJECTS)'
MATH_LIBS=''
NROFF=''
OBJEXT='o'
PACKAGE_BUGREPORT=''
PACKAGE_NAME='tclx'
PACKAGE_STRING='tclx 8.4'
PACKAGE_TARNAME='tclx'
PACKAGE_VERSION='8.4'
PATH_SEPARATOR=':'
PKG_CFLAGS=' '
PKG_HEADERS=' generic/tclExtend.h'
PKG_INCLUDES=' -I"./generic" -I"./unix"'
PKG_LIBS=''
PKG_LIB_FILE='libtclx8.4.dylib'
PKG_OBJECTS=' tclXbsearch.o tclXchmod.o tclXcmdloop.o tclXdebug.o tclXdup.o tclXfcntl.o tclXfilecmds.o tclXfilescan.o tclXflock.o tclXfstat.o tclXgeneral.o tclXhandles.o tclXinit.o tclXkeylist.o tclXlib.o tclXlist.o tclXmath.o tclXmsgcat.o tclXprocess.o tclXprofile.o tclXselect.o tclXsignal.o tclXstring.o tclXsocket.o tclXutil.o tclXoscmds.o tclXlgets.o tclXunixCmds.o tclXunixDup.o tclXunixId.o tclXunixOS.o tclXunixSock.o'
PKG_SOURCES=' tclXbsearch.c tclXchmod.c tclXcmdloop.c tclXdebug.c tclXdup.c tclXfcntl.c tclXfilecmds.c tclXfilescan.c tclXflock.c tclXfstat.c tclXgeneral.c tclXhandles.c tclXinit.c tclXkeylist.c tclXlib.c tclXlist.c tclXmath.c tclXmsgcat.c tclXprocess.c tclXprofile.c tclXselect.c tclXsignal.c tclXstring.c tclXsocket.c tclXutil.c tclXoscmds.c tclXlgets.c tclXunixCmds.c tclXunixDup.c tclXunixId.c tclXunixOS.c tclXunixSock.c'
PKG_STUB_LIB_FILE='libtclxstub8.4.a'
PKG_STUB_OBJECTS=''
PKG_STUB_SOURCES=''
PKG_TCL_SOURCES=' library/tclx.tcl library/autoload.tcl library/arrayprocs.tcl library/compat.tcl library/convlib.tcl library/edprocs.tcl library/events.tcl library/forfile.tcl library/globrecur.tcl library/help.tcl library/profrep.tcl library/pushd.tcl library/setfuncs.tcl library/showproc.tcl library/stringfile.tcl library/tcllib.tcl library/fmath.tcl library/buildhelp.tcl'
RANLIB=':'
RANLIB_STUB='ranlib'
SET_MAKE=''
SHARED_BUILD='1'
SHELL='/bin/sh'
SHLIB_CFLAGS='-fno-common'
SHLIB_LD='${CC} -dynamiclib ${CFLAGS} ${LDFLAGS_DEFAULT} -Wl,-single_module'
SHLIB_LD_LIBS='${LIBS} -L/Users/xiaodangan/code/nmf/MacPorts-2.5.2/vendor/tcl/unix -ltclstub8.5'
STLIB_LD='${AR} cr'
TCLSH_PROG='/Users/xiaodangan/code/nmf/MacPorts-2.5.2/vendor/tcl/unix/tclsh'
TCL_BIN_DIR='/Users/xiaodangan/code/nmf/MacPorts-2.5.2/vendor/tcl/unix'
TCL_BMAP_DIR_NATIVE='"/Users/xiaodangan/code/nmf/MacPorts-2.5.2/vendor/tcl/bitmaps"'
TCL_DBGX=''
TCL_DEFS='-DPACKAGE_NAME=\"tcl\" -DPACKAGE_TARNAME=\"tcl\" -DPACKAGE_VERSION=\"8.5\" -DPACKAGE_STRING=\"tcl\ 8.5\" -DPACKAGE_BUGREPORT=\"\" -DSTDC_HEADERS=1 -DHAVE_SYS_TYPES_H=1 -DHAVE_SYS_STAT_H=1 -DHAVE_STDLIB_H=1 -DHAVE_STRING_H=1 -DHAVE_MEMORY_H=1 -DHAVE_STRINGS_H=1 -DHAVE_INTTYPES_H=1 -DHAVE_STDINT_H=1 -DHAVE_UNISTD_H=1 -DNO_VALUES_H=1 -DHAVE_LIMITS_H=1 -DHAVE_SYS_PARAM_H=1 -DUSE_THREAD_ALLOC=1 -D_REENTRANT=1 -D_THREAD_SAFE=1 -DHAVE_PTHREAD_ATTR_SETSTACKSIZE=1 -DHAVE_PTHREAD_ATFORK=1 -DHAVE_PTHREAD_GET_STACKSIZE_NP=1 -DTCL_THREADS=1 -DTCL_CFGVAL_ENCODING=\"iso8859-1\" -DMODULE_SCOPE=extern\ __attribute__\(\(__visibility__\(\"hidden\"\)\)\) -DMAC_OSX_TCL=1 -DHAVE_COREFOUNDATION=1 -DHAVE_CAST_TO_UNION=1 -DTCL_SHLIB_EXT=\".dylib\" -DNDEBUG=1 -DTCL_CFG_OPTIMIZED=1 -DTCL_TOMMATH=1 -DMP_PREC=4 -DTCL_WIDE_INT_IS_LONG=1 -DHAVE_GETCWD=1 -DHAVE_OPENDIR=1 -DHAVE_STRTOL=1 -DHAVE_WAITPID=1 -DHAVE_GETADDRINFO=1 -DHAVE_GETPWUID_R_5=1 -DHAVE_GETPWUID_R=1 -DHAVE_GETPWNAM_R_5=1 -DHAVE_GETPWNAM_R=1 -DHAVE_GETGRGID_R_5=1 -DHAVE_GETGRGID_R=1 -DHAVE_GETGRNAM_R_5=1 -DHAVE_GETGRNAM_R=1 -DHAVE_MTSAFE_GETHOSTBYNAME=1 -DHAVE_MTSAFE_GETHOSTBYADDR=1 -DHAVE_SYS_TIME_H=1 -DTIME_WITH_SYS_TIME=1 -DHAVE_GMTIME_R=1 -DHAVE_LOCALTIME_R=1 -DHAVE_MKTIME=1 -DHAVE_TM_GMTOFF=1 -DHAVE_TIMEZONE_VAR=1 -DHAVE_STRUCT_STAT_ST_BLOCKS=1 -DHAVE_STRUCT_STAT_ST_BLKSIZE=1 -DHAVE_BLKCNT_T=1 -DHAVE_INTPTR_T=1 -DHAVE_UINTPTR_T=1 -DHAVE_SIGNED_CHAR=1 -DHAVE_LANGINFO=1 -DHAVE_CHFLAGS=1 -DHAVE_GETATTRLIST=1 -DHAVE_COPYFILE_H=1 -DHAVE_COPYFILE=1 -DHAVE_LIBKERN_OSATOMIC_H=1 -DHAVE_OSSPINLOCKLOCK=1 -DUSE_VFORK=1 -DTCL_DEFAULT_ENCODING=\"utf-8\" -DTCL_LOAD_FROM_MEMORY=1 -DTCL_WIDE_CLICKS=1 -DHAVE_AVAILABILITYMACROS_H=1 -DHAVE_WEAK_IMPORT=1 -D_DARWIN_C_SOURCE=1 -DHAVE_FTS=1 -DHAVE_SYS_IOCTL_H=1 -DHAVE_SYS_FILIO_H=1 -DTCL_UNLOAD_DLLS=1 -DHAVE_CPUID=1 '
TCL_EXTRA_CFLAGS='-pipe   '
TCL_GENERIC_DIR_NATIVE='"/Users/xiaodangan/code/nmf/MacPorts-2.5.2/vendor/tcl/generic"'
TCL_INCLUDES='-I"/Users/xiaodangan/code/nmf/MacPorts-2.5.2/vendor/tcl/generic" -I"/Users/xiaodangan/code/nmf/MacPorts-2.5.2/vendor/tcl/unix"'
TCL_LD_FLAGS=' -prebind -headerpad_max_install_names -Wl,-search_paths_first '
TCL_LIBS='${DL_LIBS} ${LIBS} ${MATH_LIBS}'
TCL_LIB_FILE='libtcl8.5.dylib'
TCL_LIB_FLAG='-ltcl8.5'
TCL_LIB_SPEC='-L/Users/xiaodangan/code/nmf/MacPorts-2.5.2/vendor/tcl/unix -ltcl8.5'
TCL_PLATFORM_DIR_NATIVE='"/Users/xiaodangan/code/nmf/MacPorts-2.5.2/vendor/tcl/unix"'
TCL_SHLIB_LD_LIBS='${LIBS}'
TCL_SRC_DIR='/Users/xiaodangan/code/nmf/MacPorts-2.5.2/vendor/tcl'
TCL_STUB_LIB_FILE='libtclstub8.5.a'
TCL_STUB_LIB_FLAG='-ltclstub8.5'
TCL_STUB_LIB_SPEC='-L/Users/xiaodangan/code/nmf/MacPorts-2.5.2/vendor/tcl/unix -ltclstub8.5'
TCL_THREADS='1'
TCL_TOOL_DIR_NATIVE='"/Users/xiaodangan/code/nmf/MacPorts-2.5.2/vendor/tcl/tools"'
TCL_TOP_DIR_NATIVE='"/Users/xiaodangan/code/nmf/MacPorts-2.5.2/vendor/tcl"'
TCL_UNIX_DIR_NATIVE='"/Users/xiaodangan/code/nmf/MacPorts-2.5.2/vendor/tcl/unix"'
TCL_VERSION='8.5'
TCL_WIN_DIR_NATIVE='"/Users/xiaodangan/code/nmf/MacPorts-2.5.2/vendor/tcl/win"'
ac_ct_CC='gcc'
ac_ct_RANLIB='ranlib'
bindir='${exec_prefix}/bin'
build_alias=''
datadir='${prefix}/share'
exec_prefix='/opt/local/libexec/macports'
host_alias=''
includedir='${prefix}/include'
infodir='${prefix}/info'
libdir='${exec_prefix}/lib'
libexecdir='${exec_prefix}/libexec'
localstatedir='${prefix}/var'
mandir='${prefix}/man'
oldincludedir='/usr/include'
prefix='/opt/local/libexec/macports'
program_transform_name='s,x,x,'
sbindir='${exec_prefix}/sbin'
sharedstatedir='${prefix}/com'
sysconfdir='${prefix}/etc'
target_alias=''

## ----------- ##
## confdefs.h. ##
## ----------- ##

#define FULL_VERSION "8.4.1"
#define HAVE_GMTIME_R 1
#define HAVE_INTTYPES_H 1
#define HAVE_LIMITS_H 1
#define HAVE_LOCALTIME_R 1
#define HAVE_MEMORY_H 1
#define HAVE_STDINT_H 1
#define HAVE_STDLIB_H 1
#define HAVE_STRINGS_H 1
#define HAVE_STRING_H 1
#define HAVE_STRUCT_TM_TM_ZONE 1
#define HAVE_SYS_PARAM_H 1
#define HAVE_SYS_SELECT_H 1
#define HAVE_SYS_STAT_H 1
#define HAVE_SYS_TIME_H 1
#define HAVE_SYS_TYPES_H 1
#define HAVE_TIMEZONE_VAR 1
#define HAVE_TM_GMTOFF 1
#define HAVE_TM_ZONE 1
#define HAVE_UNISTD_H 1
#define NO_VALUES_H 1
#define PACKAGE_BUGREPORT ""
#define PACKAGE_NAME "tclx"
#define PACKAGE_STRING "tclx 8.4"
#define PACKAGE_TARNAME "tclx"
#define PACKAGE_VERSION "8.4"
#define RETSIGTYPE void
#define STDC_HEADERS 1
#define TCL_THREADS 1
#define TCL_WIDE_INT_IS_LONG 1
#define TIME_WITH_SYS_TIME 1
#define USE_TCL_STUBS 1
#define USE_THREAD_ALLOC 1
#define _REENTRANT 1
#define _THREAD_SAFE 1

configure: exit 0
